***********************************************************************
*
*	CODE GENERATION LISTING FOR: Sonoff
*	COMPILER VERSION: 3.0.0.0
*
***********************************************************************

**************************************************
	CODE GENERATOR SUBROUTINES
**************************************************

$$MOD:
00540140  FB90 F3F1		sdiv r3, r0, r1
00540144  4359     		mul r1, r1, r3
00540146  EBC1 0000		rsb r0, r1, r0
0054014A  4770     		bx lr

$$MOD_U:
0054014C  FBB0 F3F1		udiv r3, r0, r1
00540150  4359     		mul r1, r1, r3
00540152  EBC1 0000		rsb r0, r1, r0
00540156  4770     		bx lr

**************************************************
	List function block: Sonoff
**************************************************

FUNCTION_BLOCK Sonoff

	{ DE:"(eLLabNetworkLib_A400) HTTP get page" }

        VAR_INPUT
Enable : BOOL;	{ DE:"FB enable" }
SpyOn : BOOL;	{ DE:"Spy active" }
SonoffIP : @USINT;	{ DE:"Sonoff IP address" }
SonoffPort : UINT;	{ DE:"Sonoff port" }
PollTime : REAL;	{ DE:"Poll time (S)" }
RCommand : BOOL;	{ DE:"Relay command" }
	END_VAR

        VAR_OUTPUT
Connected : BOOL;	{ DE:"Connected to device" }
Fault : BOOL;	{ DE:"Execution fault" }
ErrorCtr : UINT;	{ DE:"Error counter" }
RSSI : REAL;	{ DE:"RSSI value (dBi)" }
Button : STRING[ 4 ];
RStatus : STRING[ 4 ];	{ DE:"Relay status" }
	END_VAR

        VAR_EXTERNAL
	{G:"System_variables"}
SysActTaskID AT %MB0.64 : USINT;	{ DE:"System active task ID" }
	END_VAR

        VAR
ABf : STRING[ 256 ];	{ DE:"Auxiliary buffer" }
CaseAx : UINT;	{ DE:"Case auxiliary" }
CaseBk : USINT;	{ DE:"Case back" }
CaseNr : USINT;	{ DE:"Case gestione" }
ETPtr : @BYTE;	{ DE:"Expected TAG pointer" }
ErrorNr : USINT;	{ DE:"Error number" }
RxChrs : UINT;	{ DE:"Received chars" }
QRPtr : @BYTE;	{ DE:"Question request pointer" }
TCPClient : SysTCPClient;	{ DE:"TCP client" }
TimeBf : ARRAY[ 0..2 ] OF UDINT;	{ DE:"Time buffer (uS)" }
Timeout : REAL := 5000000.0;	{ DE:"Timeout check (uS)" }
i : UDINT;	{ DE:"Auxiliary counter" }
	END_VAR

END_FUNCTION_BLOCK

00540158  E92D 4040		stmdb sp!, { r6, lr }
0054015C  462E     		mov r6, r5

#0		{SRC:Sonoff}
#1
#2
#3
#4		{L:47}
(*) 
0054015E  2000     		mov r0, #0 ; 0
00540160  F8DF 7878		ldr r7, [pc, #+2168] ; 0x162
00540164  55F0     		strb r0, [r6, +r7]

#5
#6
#7
#8		{L:48}
(*) UNDEF
00540166  F8DF 7910		ldr r7, [pc, #+2320] ; 0x204130A4
0054016A  7838     		ldrb r0, [r7]

#9		{L:48}
(*) USINT
0054016C  2801     		cmp r0, #1
0054016E  BF08 2000		eqmov r0, #0
00540172  BF18 2001		nemov r0, #1

#10		{L:48}
(-) BOOL
00540176  2800     		cmp r0, #0
00540178  D006     		beq #12 ; 0x00540188


#11
#12
#13
#14
#15		{L:48}
(*) BOOL
0054017C  2001     		mov r0, #1 ; 1
0054017E  F8DF 785C		ldr r7, [pc, #+2140] ; 0x162
00540182  55F0     		strb r0, [r6, +r7]

#16
#17
#18
#19
(-) BOOL
00540184  F000 BE7C		b #3320 ; 0x00540E80


#20
#21
#22
#23
#24		{L:49}
(*) BOOL
00540188  E92D 0021		stmdb sp!, { r0, r5 }
0054018C  F8DF 77EC		ldr r7, [pc, #+2028] ; 0x114
00540190  19F0     		add r0, r6, r7
00540192  F8DF 4898		ldr r4, [pc, #+2200] ; 0x530154
00540196  F044 0401		orr r4, r4, #1
0054019A  47A0     		blx r4
0054019C  E8BD 0021		ldmia sp!, { r0, r5 }

#25
#26
#27
#28		{L:53}
(*) UNDEF
005401A0  F8DF 7820		ldr r7, [pc, #+2080] ; 0x151
005401A4  5DF0     		ldrb r0, [r6, +r7]

#29		{L:53}
(-) BOOL
005401A6  2800     		cmp r0, #0
005401A8  D014     		beq #40 ; 0x005401D4


#30
#31
#32
#33
#34
#35		{L:53}
(-) UNDEF
005401AC  2000     		mov r0, #0 ; 0

#36		{L:53}
(-) USINT
005401AE  2300     		mov r3, #0 ; 0
005401B0  2200     		mov r2, #0 ; 0
005401B2  2100     		mov r1, #0 ; 0
005401B4  4600     		mov r0, r0
005401B6  F8DF 4870		ldr r4, [pc, #+2160] ; 0x530118
005401BA  F044 0401		orr r4, r4, #1
005401BE  47A0     		blx r4

#37		{L:53}
(*) BOOL
005401C0  2800     		cmp r0, #0
005401C2  BF08 2001		eqmov r0, #1
005401C6  BF18 2000		nemov r0, #0

#38		{L:53}
(-) BOOL
005401CA  2800     		cmp r0, #0
005401CC  D002     		beq #4 ; 0x005401D4


#39
#40
#41
#42
#43
#44
(-) BOOL
005401D0  F000 BE56		b #3244 ; 0x00540E80


#45
#46
#47
#48
#49
#50
#51
#52
#53		{L:60}
(*) UNDEF
005401D4  F8DF 779C		ldr r7, [pc, #+1948] ; 0x10C
005401D8  5DF0     		ldrb r0, [r6, +r7]

#54		{L:60}
(*) USINT
005401DA  2800     		cmp r0, #0
005401DC  BF08 2000		eqmov r0, #0
005401E0  BF18 2001		nemov r0, #1

#55		{L:60}
(-) BOOL
005401E4  2800     		cmp r0, #0
005401E6  F000 8088		beq #272 ; 0x005402FA


#56
#57
#58
#59
#60
#61		{L:61}
(*) UNDEF
005401EA  F8DF 77D8		ldr r7, [pc, #+2008] ; 0x151
005401EE  5DF0     		ldrb r0, [r6, +r7]

#62		{L:61}
(-) BOOL
005401F0  2800     		cmp r0, #0
005401F2  D065     		beq #202 ; 0x005402C0


#63
#64
#65
#66
#67		{L:62}
(-) BOOL
005401F6  4630     		mov r0, r6

#68		{L:62}
(*) DWORD
005401F8  F8DF 77F4		ldr r7, [pc, #+2036] ; 0x178
005401FC  51F0     		str r0, [r6, +r7]

#69		{L:62}
(*) DWORD
005401FE  4630     		mov r0, r6
00540200  F8DF 7770		ldr r7, [pc, #+1904] ; 0x10C
00540204  19C0     		add r0, r0, r7

#70		{L:62}
(*) DWORD
00540206  F8DF 77EC		ldr r7, [pc, #+2028] ; 0x17C
0054020A  51F0     		str r0, [r6, +r7]

#71		{L:62}
(*) UNDEF
0054020C  F8DF 77E0		ldr r7, [pc, #+2016] ; 0x178
00540210  59F0     		ldr r0, [r6, +r7]

#72		{L:62}
(-) @UNDEF
00540212  B082     		sub sp, sp, #8
00540214  F8DF 77DC		ldr r7, [pc, #+2012] ; 0x17C
00540218  59F7     		ldr r7, [r6, +r7]
0054021A  F8CD 7000		str r7, [sp]
0054021E  2316     		mov r3, #22 ; 22
00540220  F8DF 780C		ldr r7, [pc, #+2060] ; 0x540084
00540224  463A     		mov r2, r7
00540226  F8DF 7848		ldr r7, [pc, #+2120] ; 0x54012C
0054022A  6839     		ldr r1, [r7]
0054022C  4600     		mov r0, r0
0054022E  F8DF 47F0		ldr r4, [pc, #+2032] ; 0x5300E4
00540232  F044 0401		orr r4, r4, #1
00540236  47A0     		blx r4
00540238  B002     		add sp, sp, #8

#73		{L:62}
(-) INT
#74		{L:62}
(*) UINT
0054023A  F8DF 7780		ldr r7, [pc, #+1920] ; 0x14C
0054023E  51F0     		str r0, [r6, +r7]

#75
#76
#77		{L:63}
(-) UINT
00540240  4630     		mov r0, r6

#78		{L:63}
(*) DWORD
00540242  F8DF 77AC		ldr r7, [pc, #+1964] ; 0x178
00540246  51F0     		str r0, [r6, +r7]

#79		{L:63}
(*) DWORD
00540248  4630     		mov r0, r6
0054024A  F8DF 7720		ldr r7, [pc, #+1824] ; 0x105
0054024E  19C0     		add r0, r0, r7

#80		{L:63}
(*) DWORD
00540250  F8DF 77A0		ldr r7, [pc, #+1952] ; 0x17C
00540254  51F0     		str r0, [r6, +r7]

#81		{L:63}
(*) UNDEF
00540256  F8DF 7798		ldr r7, [pc, #+1944] ; 0x178
0054025A  59F0     		ldr r0, [r6, +r7]

#82		{L:63}
(-) @UNDEF
0054025C  B082     		sub sp, sp, #8
0054025E  F8DF 7794		ldr r7, [pc, #+1940] ; 0x17C
00540262  59F7     		ldr r7, [r6, +r7]
00540264  F8CD 7000		str r7, [sp]
00540268  2316     		mov r3, #22 ; 22
0054026A  F8DF 77C8		ldr r7, [pc, #+1992] ; 0x540090
0054026E  463A     		mov r2, r7
00540270  F8DF 7800		ldr r7, [pc, #+2048] ; 0x540130
00540274  6839     		ldr r1, [r7]
00540276  4600     		mov r0, r0
00540278  F8DF 47A8		ldr r4, [pc, #+1960] ; 0x5300E8
0054027C  F044 0401		orr r4, r4, #1
00540280  47A0     		blx r4
00540282  B002     		add sp, sp, #8

#83		{L:63}
(-) INT
#84		{L:63}
(*) UINT
00540284  F8DF 7734		ldr r7, [pc, #+1844] ; 0x14C
00540288  51F0     		str r0, [r6, +r7]

#85
#86
#87		{L:64}
(*) UINT
0054028A  F8DF 07AC		ldr r0, [pc, #+1964] ; 0x5400A0

#88		{L:64}
(*) DWORD
0054028E  F8DF 7760		ldr r7, [pc, #+1888] ; 0x178
00540292  51F0     		str r0, [r6, +r7]

#89		{L:64}
(-) DWORD
00540294  4630     		mov r0, r6

#90		{L:64}
(*) DWORD
00540296  F8DF 775C		ldr r7, [pc, #+1884] ; 0x17C
0054029A  51F0     		str r0, [r6, +r7]

#91		{L:64}
(-) UNDEF
0054029C  2001     		mov r0, #1 ; 1

#92		{L:64}
(-) USINT
0054029E  F8DF 7754		ldr r7, [pc, #+1876] ; 0x17C
005402A2  59F3     		ldr r3, [r6, +r7]
005402A4  F8DF 7748		ldr r7, [pc, #+1864] ; 0x178
005402A8  59F2     		ldr r2, [r6, +r7]
005402AA  F04F 4180		mov r1, #1073741824 ; 1073741824
005402AE  4600     		mov r0, r0
005402B0  F8DF 4774		ldr r4, [pc, #+1908] ; 0x530118
005402B4  F044 0401		orr r4, r4, #1
005402B8  47A0     		blx r4

#93		{L:64}
(*) BOOL
005402BA  F8DF 7700		ldr r7, [pc, #+1792] ; 0x14C
005402BE  51F0     		str r0, [r6, +r7]

#94
#95
#96
#97
#98
#99		{L:69}
(*) UDINT
005402C0  2001     		mov r0, #1 ; 1
005402C2  F8DF 7718		ldr r7, [pc, #+1816] ; 0x162
005402C6  55F0     		strb r0, [r6, +r7]

#100
#101
#102		{L:70}
(*) BOOL
005402C8  2000     		mov r0, #0 ; 0
005402CA  F8DF 76A0		ldr r7, [pc, #+1696] ; 0x105
005402CE  55F0     		strb r0, [r6, +r7]

#103
#104
#105		{L:71}
(*) USINT
005402D0  2000     		mov r0, #0 ; 0
005402D2  F8DF 76A0		ldr r7, [pc, #+1696] ; 0x10C
005402D6  55F0     		strb r0, [r6, +r7]

#106
#107
#108		{L:72}
(*) UNDEF
005402D8  F8DF 7704		ldr r7, [pc, #+1796] ; 0x164
005402DC  5BF0     		ldrh r0, [r6, +r7]

#109		{L:72}
(-) UINT
005402DE  1C40     		add r0, r0, #1

#110		{L:72}
(*) UINT
005402E0  F8DF 76FC		ldr r7, [pc, #+1788] ; 0x164
005402E4  53F0     		strh r0, [r6, +r7]

#111
#112
#113		{L:73}
(*) UINT
005402E6  2000     		mov r0, #0 ; 0
005402E8  F8DF 76EC		ldr r7, [pc, #+1772] ; 0x161
005402EC  55F0     		strb r0, [r6, +r7]

#114
#115
#116		{L:74}
(*) BOOL
005402EE  2000     		mov r0, #0 ; 0
005402F0  F8DF 768C		ldr r7, [pc, #+1676] ; 0x11C
005402F4  55F0     		strb r0, [r6, +r7]

#117
#118
#119
#120
(-) BOOL
005402F6  F000 BDC3		b #2950 ; 0x00540E80


#121
#122
#123
#124
#125
#126		{L:83}
(*) UNDEF
005402FA  F8DF 76C4		ldr r7, [pc, #+1732] ; 0x150
005402FE  5DF0     		ldrb r0, [r6, +r7]

#127		{L:83}
(*) BOOL
00540300  2800     		cmp r0, #0
00540302  BF08 2001		eqmov r0, #1
00540306  BF18 2000		nemov r0, #0

#128		{L:83}
(-) BOOL
0054030A  2800     		cmp r0, #0
0054030C  D015     		beq #42 ; 0x0054033A


#129
#130
#131
#132
#133		{L:84}
(*) BOOL
00540310  2000     		mov r0, #0 ; 0
00540312  F8DF 7658		ldr r7, [pc, #+1624] ; 0x105
00540316  55F0     		strb r0, [r6, +r7]

#134
#135
#136		{L:85}
(*) UNDEF
00540318  F8DF 7650		ldr r7, [pc, #+1616] ; 0x105
0054031C  5DF0     		ldrb r0, [r6, +r7]

#137		{L:85}
(-) USINT
0054031E  43C0     		mvn r0, r0

#138		{L:85}
(*) USINT
00540320  F8DF 7640		ldr r7, [pc, #+1600] ; 0x102
00540324  53F0     		strh r0, [r6, +r7]

#139
#140
#141		{L:86}
(*) USINT
00540326  2000     		mov r0, #0 ; 0
00540328  F8DF 76AC		ldr r7, [pc, #+1708] ; 0x161
0054032C  55F0     		strb r0, [r6, +r7]

#142
#143
#144		{L:87}
(*) BOOL
0054032E  2000     		mov r0, #0 ; 0
00540330  F8DF 764C		ldr r7, [pc, #+1612] ; 0x11C
00540334  55F0     		strb r0, [r6, +r7]

#145
#146
#147
#148
(-) BOOL
00540336  F000 BDA3		b #2886 ; 0x00540E80


#149
#150
#151
#152
#153
#154		{L:96}
(*) UNDEF
0054033A  F8DF 7630		ldr r7, [pc, #+1584] ; 0x105
0054033E  5DF0     		ldrb r0, [r6, +r7]

#155		{L:96}
(*) USINT
00540340  2800     		cmp r0, #0
00540342  BF18 2000		nemov r0, #0
00540346  BF08 2001		eqmov r0, #1

#156		{L:96}
(-) BOOL
0054034A  2800     		cmp r0, #0
0054034C  D00A     		beq #20 ; 0x00540364


#157
#158
#159
#160
#161		{L:96}
(-) UNDEF
00540350  2001     		mov r0, #1 ; 1

#162		{L:96}
(-) BOOL
00540352  4600     		mov r0, r0
00540354  F8DF 46BC		ldr r4, [pc, #+1724] ; 0x53003C
00540358  F044 0401		orr r4, r4, #1
0054035C  47A0     		blx r4

#163		{L:96}
(*) UDINT
0054035E  F8DF 764C		ldr r7, [pc, #+1612] ; 0x13C
00540362  51F0     		str r0, [r6, +r7]

#164
#165
#166
#167
#168
#169
#170		{L:97}
(*) UNDEF
00540364  F8DF 7604		ldr r7, [pc, #+1540] ; 0x105
00540368  5DF0     		ldrb r0, [r6, +r7]

#171		{L:97}
(*) USINT
0054036A  F8DF 75F8		ldr r7, [pc, #+1528] ; 0x102
0054036E  5BF7     		ldrh r7, [r6, +r7]
00540370  42B8     		cmp r0, r7
00540372  BF08 2000		eqmov r0, #0
00540376  BF18 2001		nemov r0, #1

#172		{L:97}
(-) BOOL
0054037A  2800     		cmp r0, #0
0054037C  D014     		beq #40 ; 0x005403A8


#173
#174
#175
#176
#177		{L:97}
(-) UNDEF
00540380  2001     		mov r0, #1 ; 1

#178		{L:97}
(-) BOOL
00540382  4600     		mov r0, r0
00540384  F8DF 468C		ldr r4, [pc, #+1676] ; 0x53003C
00540388  F044 0401		orr r4, r4, #1
0054038C  47A0     		blx r4

#179		{L:97}
(*) UDINT
0054038E  F8DF 761C		ldr r7, [pc, #+1564] ; 0x13C
00540392  51F0     		str r0, [r6, +r7]

#180
#181
#182		{L:97}
(-) UNDEF
00540394  2001     		mov r0, #1 ; 1

#183		{L:97}
(-) BOOL
00540396  4600     		mov r0, r0
00540398  F8DF 4678		ldr r4, [pc, #+1656] ; 0x53003C
0054039C  F044 0401		orr r4, r4, #1
005403A0  47A0     		blx r4

#184		{L:97}
(*) UDINT
005403A2  F8DF 760C		ldr r7, [pc, #+1548] ; 0x140
005403A6  51F0     		str r0, [r6, +r7]

#185
#186
#187
#188
#189
#190		{L:98}
(*) UDINT
005403A8  F8DF 75C0		ldr r7, [pc, #+1472] ; 0x105
005403AC  5DF0     		ldrb r0, [r6, +r7]
005403AE  F8DF 75B4		ldr r7, [pc, #+1460] ; 0x102
005403B2  53F0     		strh r0, [r6, +r7]

#191
#192
#193
#194		{L:102}
(-) UNDEF
005403B4  2001     		mov r0, #1 ; 1

#195		{L:102}
(-) BOOL
005403B6  4600     		mov r0, r0
005403B8  F8DF 4658		ldr r4, [pc, #+1624] ; 0x53003C
005403BC  F044 0401		orr r4, r4, #1
005403C0  47A0     		blx r4

#196		{L:102}
(*) UDINT
005403C2  F8DF 75E8		ldr r7, [pc, #+1512] ; 0x13C
005403C6  59F7     		ldr r7, [r6, +r7]
005403C8  1BC0     		sub r0, r0, r7

#197		{L:102}
(*) UDINT
005403CA  F8DF 762C		ldr r7, [pc, #+1580] ; 0x180
005403CE  51F0     		str r0, [r6, +r7]

#198		{L:102}
(*) UNDEF
005403D0  F8DF 75E4		ldr r7, [pc, #+1508] ; 0x148
005403D4  59F0     		ldr r0, [r6, +r7]

#199		{L:102}
(*) REAL
005403D6  F8DF 7664		ldr r7, [pc, #+1636] ; 0x5400A4
005403DA  683F     		ldr r7, [r7]
005403DC  B082     		sub sp, sp, #8
005403DE  F8CD 1000		str r1, [sp]
005403E2  4639     		mov r1, r7
005403E4  F8DF 4628		ldr r4, [pc, #+1576] ; 0x42135D
005403E8  F044 0401		orr r4, r4, #1
005403EC  47A0     		blx r4
005403EE  F8DD 1000		ldr r1, [sp]
005403F2  B002     		add sp, sp, #8

#200		{L:102}
(*) REAL
005403F4  F8DF 7604		ldr r7, [pc, #+1540] ; 0x184
005403F8  51F0     		str r0, [r6, +r7]

#201		{L:102}
(*) UNDEF
005403FA  F8DF 7600		ldr r7, [pc, #+1536] ; 0x184
005403FE  59F0     		ldr r0, [r6, +r7]

#202		{L:102}
(*) REAL
00540400  F8DF 4608		ldr r4, [pc, #+1544] ; 0x421315
00540404  F044 0401		orr r4, r4, #1
00540408  47A0     		blx r4

#203		{L:102}
(*) UDINT
0054040A  F8DF 75F4		ldr r7, [pc, #+1524] ; 0x188
0054040E  51F0     		str r0, [r6, +r7]

#204		{L:102}
(*) UNDEF
00540410  F8DF 75E4		ldr r7, [pc, #+1508] ; 0x180
00540414  59F0     		ldr r0, [r6, +r7]

#205		{L:102}
(*) UDINT
00540416  F8DF 75E8		ldr r7, [pc, #+1512] ; 0x188
0054041A  59F7     		ldr r7, [r6, +r7]
0054041C  42B8     		cmp r0, r7
0054041E  BF98 2000		lsmov r0, #0
00540422  BF88 2001		himov r0, #1

#206		{L:102}
(-) BOOL
00540426  2800     		cmp r0, #0
00540428  D006     		beq #12 ; 0x00540438


#207
#208
#209
#210
#211		{L:102}
(*) BOOL
0054042C  2064     		mov r0, #100 ; 100
0054042E  F8DF 7544		ldr r7, [pc, #+1348] ; 0x10C
00540432  55F0     		strb r0, [r6, +r7]

#212
#213
#214
#215
(-) USINT
00540434  F000 BD24		b #2632 ; 0x00540E80


#216
#217
#218
#219
#220
#221
#222
#223		{L:116}
(*) UNDEF
00540438  F8DF 7530		ldr r7, [pc, #+1328] ; 0x105
0054043C  5DF0     		ldrb r0, [r6, +r7]

#224		{L:116}
(*) USINT
0054043E  2800     		cmp r0, #0
00540440  BF18 2000		nemov r0, #0
00540444  BF08 2001		eqmov r0, #1

#225
(-) BOOL
00540448  2800     		cmp r0, #0
0054044A  F040 809C		bne #312 ; 0x00540586


#226
#227
#228		{L:124}
(*) UNDEF
0054044E  F8DF 751C		ldr r7, [pc, #+1308] ; 0x105
00540452  5DF0     		ldrb r0, [r6, +r7]

#229		{L:124}
(*) USINT
00540454  280A     		cmp r0, #10
00540456  BF18 2000		nemov r0, #0
0054045A  BF08 2001		eqmov r0, #1

#230
(-) BOOL
0054045E  2800     		cmp r0, #0
00540460  F040 80D5		bne #426 ; 0x0054060E


#231
#232
#233		{L:139}
(*) UNDEF
00540464  F8DF 7504		ldr r7, [pc, #+1284] ; 0x105
00540468  5DF0     		ldrb r0, [r6, +r7]

#234		{L:139}
(*) USINT
0054046A  280B     		cmp r0, #11
0054046C  BF18 2000		nemov r0, #0
00540470  BF08 2001		eqmov r0, #1

#235
(-) BOOL
00540474  2800     		cmp r0, #0
00540476  F040 80FE		bne #508 ; 0x00540676


#236
#237
#238		{L:146}
(*) UNDEF
0054047A  F8DF 74F0		ldr r7, [pc, #+1264] ; 0x105
0054047E  5DF0     		ldrb r0, [r6, +r7]

#239		{L:146}
(*) USINT
00540480  280C     		cmp r0, #12
00540482  BF18 2000		nemov r0, #0
00540486  BF08 2001		eqmov r0, #1

#240
(-) BOOL
0054048A  2800     		cmp r0, #0
0054048C  F040 8120		bne #576 ; 0x005406D0


#241
#242
#243		{L:155}
(*) UNDEF
00540490  F8DF 74D8		ldr r7, [pc, #+1240] ; 0x105
00540494  5DF0     		ldrb r0, [r6, +r7]

#244		{L:155}
(*) USINT
00540496  2832     		cmp r0, #50
00540498  BF18 2000		nemov r0, #0
0054049C  BF08 2001		eqmov r0, #1

#245
(-) BOOL
005404A0  2800     		cmp r0, #0
005404A2  F040 811F		bne #574 ; 0x005406E4


#246
#247
#248		{L:171}
(*) UNDEF
005404A6  F8DF 74C4		ldr r7, [pc, #+1220] ; 0x105
005404AA  5DF0     		ldrb r0, [r6, +r7]

#249		{L:171}
(*) USINT
005404AC  2833     		cmp r0, #51
005404AE  BF18 2000		nemov r0, #0
005404B2  BF08 2001		eqmov r0, #1

#250
(-) BOOL
005404B6  2800     		cmp r0, #0
005404B8  F040 812B		bne #598 ; 0x00540712


#251
#252
#253		{L:182}
(*) UNDEF
005404BC  F8DF 74AC		ldr r7, [pc, #+1196] ; 0x105
005404C0  5DF0     		ldrb r0, [r6, +r7]

#254		{L:182}
(*) USINT
005404C2  2864     		cmp r0, #100
005404C4  BF18 2000		nemov r0, #0
005404C8  BF08 2001		eqmov r0, #1

#255
(-) BOOL
005404CC  2800     		cmp r0, #0
005404CE  F040 81F9		bne #1010 ; 0x005408C4


#256
#257
#258		{L:188}
(*) UNDEF
005404D2  F8DF 7498		ldr r7, [pc, #+1176] ; 0x105
005404D6  5DF0     		ldrb r0, [r6, +r7]

#259		{L:188}
(*) USINT
005404D8  2865     		cmp r0, #101
005404DA  BF18 2000		nemov r0, #0
005404DE  BF08 2001		eqmov r0, #1

#260
(-) BOOL
005404E2  2800     		cmp r0, #0
005404E4  F040 8202		bne #1028 ; 0x005408EC


#261
#262
#263		{L:196}
(*) UNDEF
005404E8  F8DF 7480		ldr r7, [pc, #+1152] ; 0x105
005404EC  5DF0     		ldrb r0, [r6, +r7]

#264		{L:196}
(*) USINT
005404EE  286E     		cmp r0, #110
005404F0  BF18 2000		nemov r0, #0
005404F4  BF08 2001		eqmov r0, #1

#265
(-) BOOL
005404F8  2800     		cmp r0, #0
005404FA  F040 820B		bne #1046 ; 0x00540914


#266
#267
#268		{L:200}
(*) UNDEF
005404FE  F8DF 746C		ldr r7, [pc, #+1132] ; 0x105
00540502  5DF0     		ldrb r0, [r6, +r7]

#269		{L:200}
(*) USINT
00540504  286F     		cmp r0, #111
00540506  BF18 2000		nemov r0, #0
0054050A  BF08 2001		eqmov r0, #1

#270
(-) BOOL
0054050E  2800     		cmp r0, #0
00540510  F040 8213		bne #1062 ; 0x0054093A


#271
#272
#273		{L:210}
(*) UNDEF
00540514  F8DF 7454		ldr r7, [pc, #+1108] ; 0x105
00540518  5DF0     		ldrb r0, [r6, +r7]

#274		{L:210}
(*) USINT
0054051A  28C8     		cmp r0, #200
0054051C  BF18 2000		nemov r0, #0
00540520  BF08 2001		eqmov r0, #1

#275
(-) BOOL
00540524  2800     		cmp r0, #0
00540526  F040 82B8		bne #1392 ; 0x00540A9A


#276
#277
#278		{L:222}
(*) UNDEF
0054052A  F8DF 7440		ldr r7, [pc, #+1088] ; 0x105
0054052E  5DF0     		ldrb r0, [r6, +r7]

#279		{L:222}
(*) USINT
00540530  28C9     		cmp r0, #201
00540532  BF18 2000		nemov r0, #0
00540536  BF08 2001		eqmov r0, #1

#280
(-) BOOL
0054053A  2800     		cmp r0, #0
0054053C  F040 832E		bne #1628 ; 0x00540B9C


#281
#282
#283		{L:231}
(*) UNDEF
00540540  F8DF 7428		ldr r7, [pc, #+1064] ; 0x105
00540544  5DF0     		ldrb r0, [r6, +r7]

#284		{L:231}
(*) USINT
00540546  28DC     		cmp r0, #220
00540548  BF18 2000		nemov r0, #0
0054054C  BF08 2001		eqmov r0, #1

#285
(-) BOOL
00540550  2800     		cmp r0, #0
00540552  F040 8357		bne #1710 ; 0x00540C04


#286
#287
#288		{L:241}
(*) UNDEF
00540556  F8DF 7414		ldr r7, [pc, #+1044] ; 0x105
0054055A  5DF0     		ldrb r0, [r6, +r7]

#289		{L:241}
(*) USINT
0054055C  28DD     		cmp r0, #221
0054055E  BF18 2000		nemov r0, #0
00540562  BF08 2001		eqmov r0, #1

#290
(-) BOOL
00540566  2800     		cmp r0, #0
00540568  F040 838A		bne #1812 ; 0x00540C80


#291
#292
#293		{L:271}
(*) UNDEF
0054056C  F8DF 73FC		ldr r7, [pc, #+1020] ; 0x105
00540570  5DF0     		ldrb r0, [r6, +r7]

#294		{L:271}
(*) USINT
00540572  28DE     		cmp r0, #222
00540574  BF18 2000		nemov r0, #0
00540578  BF08 2001		eqmov r0, #1

#295
(-) BOOL
0054057C  2800     		cmp r0, #0
0054057E  F040 8459		bne #2226 ; 0x00540E34


#296
(-) BOOL
00540582  F000 BC7D		b #2298 ; 0x00540E80


#297
#298
#299
#300
#301
#302
#303		{L:117}
(-) UNDEF
00540586  2001     		mov r0, #1 ; 1

#304		{L:117}
(-) BOOL
00540588  4600     		mov r0, r0
0054058A  F8DF 4488		ldr r4, [pc, #+1160] ; 0x53003C
0054058E  F044 0401		orr r4, r4, #1
00540592  47A0     		blx r4

#305		{L:117}
(*) UDINT
00540594  F8DF 7418		ldr r7, [pc, #+1048] ; 0x140
00540598  59F7     		ldr r7, [r6, +r7]
0054059A  1BC0     		sub r0, r0, r7

#306		{L:117}
(*) UDINT
0054059C  F8DF 7460		ldr r7, [pc, #+1120] ; 0x188
005405A0  51F0     		str r0, [r6, +r7]

#307		{L:117}
(*) UNDEF
005405A2  F8DF 742C		ldr r7, [pc, #+1068] ; 0x15C
005405A6  59F0     		ldr r0, [r6, +r7]

#308		{L:117}
(*) REAL
005405A8  F8DF 7494		ldr r7, [pc, #+1172] ; 0x5400A8
005405AC  683F     		ldr r7, [r7]
005405AE  B082     		sub sp, sp, #8
005405B0  F8CD 1000		str r1, [sp]
005405B4  4639     		mov r1, r7
005405B6  F8DF 4458		ldr r4, [pc, #+1112] ; 0x42135D
005405BA  F044 0401		orr r4, r4, #1
005405BE  47A0     		blx r4
005405C0  F8DD 1000		ldr r1, [sp]
005405C4  B002     		add sp, sp, #8

#309		{L:117}
(*) REAL
005405C6  F8DF 7434		ldr r7, [pc, #+1076] ; 0x184
005405CA  51F0     		str r0, [r6, +r7]

#310		{L:117}
(*) UNDEF
005405CC  F8DF 742C		ldr r7, [pc, #+1068] ; 0x184
005405D0  59F0     		ldr r0, [r6, +r7]

#311		{L:117}
(*) REAL
005405D2  F8DF 4438		ldr r4, [pc, #+1080] ; 0x421315
005405D6  F044 0401		orr r4, r4, #1
005405DA  47A0     		blx r4

#312		{L:117}
(*) UDINT
005405DC  F8DF 7418		ldr r7, [pc, #+1048] ; 0x180
005405E0  51F0     		str r0, [r6, +r7]

#313		{L:117}
(*) UNDEF
005405E2  F8DF 741C		ldr r7, [pc, #+1052] ; 0x188
005405E6  59F0     		ldr r0, [r6, +r7]

#314		{L:117}
(*) UDINT
005405E8  F8DF 740C		ldr r7, [pc, #+1036] ; 0x180
005405EC  59F7     		ldr r7, [r6, +r7]
005405EE  42B8     		cmp r0, r7
005405F0  BF98 2000		lsmov r0, #0
005405F4  BF88 2001		himov r0, #1

#315		{L:117}
(-) BOOL
005405F8  2800     		cmp r0, #0
005405FA  D006     		beq #12 ; 0x0054060A


#316
#317
#318
#319
#320		{L:117}
(*) BOOL
005405FE  200A     		mov r0, #10 ; 10
00540600  F8DF 7368		ldr r7, [pc, #+872] ; 0x105
00540604  55F0     		strb r0, [r6, +r7]

#321
#322
#323
#324
(-) USINT
00540606  F000 BC3B		b #2166 ; 0x00540E80


#325
#326
#327
(-) USINT
0054060A  F000 BC39		b #2162 ; 0x00540E80


#328
#329
#330
#331		{L:125}
(*) USINT
0054060E  F8DF 73B8		ldr r7, [pc, #+952] ; 0x154
00540612  59F0     		ldr r0, [r6, +r7]
00540614  F8DF 736C		ldr r7, [pc, #+876] ; 0x120
00540618  51F0     		str r0, [r6, +r7]

#332
#333
#334		{L:126}
(*) @USINT
0054061A  F8DF 73B0		ldr r7, [pc, #+944] ; 0x158
0054061E  5BF0     		ldrh r0, [r6, +r7]
00540620  F8DF 7364		ldr r7, [pc, #+868] ; 0x124
00540624  53F0     		strh r0, [r6, +r7]

#335
#336
#337		{L:127}
(*) UINT
00540626  F8DF 041C		ldr r0, [pc, #+1052] ; 0x5400AC

#338		{L:127}
(*) DWORD
0054062A  F8DF 7360		ldr r7, [pc, #+864] ; 0x128
0054062E  51F0     		str r0, [r6, +r7]

#339
#340
#341		{L:128}
(*) DWORD
00540630  2000     		mov r0, #0 ; 0
00540632  F8DF 735C		ldr r7, [pc, #+860] ; 0x12C
00540636  53F0     		strh r0, [r6, +r7]

#342
#343
#344		{L:129}
(*) UINT
00540638  203C     		mov r0, #60 ; 60
0054063A  F8DF 735C		ldr r7, [pc, #+860] ; 0x130
0054063E  53F0     		strh r0, [r6, +r7]

#345
#346
#347		{L:130}
(*) UINT
00540640  200A     		mov r0, #10 ; 10
00540642  F8DF 7350		ldr r7, [pc, #+848] ; 0x12E
00540646  53F0     		strh r0, [r6, +r7]

#348
#349
#350		{L:131}
(*) UINT
00540648  F44F 7080		mov r0, #256 ; 256
0054064C  F8DF 734C		ldr r7, [pc, #+844] ; 0x132
00540650  53F0     		strh r0, [r6, +r7]

#351
#352
#353		{L:132}
(*) UINT
00540652  F44F 7080		mov r0, #256 ; 256
00540656  F8DF 7348		ldr r7, [pc, #+840] ; 0x134
0054065A  53F0     		strh r0, [r6, +r7]

#354
#355
#356		{L:133}
(*) UINT
0054065C  2001     		mov r0, #1 ; 1
0054065E  F8DF 7320		ldr r7, [pc, #+800] ; 0x11C
00540662  55F0     		strb r0, [r6, +r7]

#357
#358
#359		{L:134}
(*) UNDEF
00540664  F8DF 7304		ldr r7, [pc, #+772] ; 0x105
00540668  5DF0     		ldrb r0, [r6, +r7]

#360		{L:134}
(-) USINT
0054066A  1C40     		add r0, r0, #1

#361		{L:134}
(*) USINT
0054066C  F8DF 72FC		ldr r7, [pc, #+764] ; 0x105
00540670  55F0     		strb r0, [r6, +r7]

#362
(-) USINT
00540672  F000 BC05		b #2058 ; 0x00540E80


#363
#364
#365
#366
#367		{L:140}
(*) UNDEF
00540676  F8DF 732C		ldr r7, [pc, #+812] ; 0x136
0054067A  5DF0     		ldrb r0, [r6, +r7]

#368		{L:140}
(*) BOOL
0054067C  2800     		cmp r0, #0
0054067E  BF08 2001		eqmov r0, #1
00540682  BF18 2000		nemov r0, #0

#369		{L:140}
(-) BOOL
00540686  2800     		cmp r0, #0
00540688  D002     		beq #4 ; 0x00540690


#370
#371
#372
#373
#374
#375
(-) BOOL
0054068C  E3F8     		b #2032 ; 0x00540E80


#376
#377
#378
#379
#380
#381		{L:141}
(*) UNDEF
00540690  F8DF 7314		ldr r7, [pc, #+788] ; 0x138
00540694  59F0     		ldr r0, [r6, +r7]

#382		{L:141}
(*) UDINT
00540696  2700     		mov r7, #0 ; 0
00540698  42B8     		cmp r0, r7
0054069A  BF18 2000		nemov r0, #0
0054069E  BF08 2001		eqmov r0, #1

#383		{L:141}
(-) BOOL
005406A2  2800     		cmp r0, #0
005406A4  D002     		beq #4 ; 0x005406AC


#384
#385
#386
#387
#388
#389
(-) BOOL
005406A8  E3EA     		b #2004 ; 0x00540E80


#390
#391
#392
#393
#394		{L:142}
(*) BOOL
005406AC  F8DF 0398		ldr r0, [pc, #+920] ; 0x5400B4

#395		{L:142}
(*) DWORD
005406B0  F8DF 72BC		ldr r7, [pc, #+700] ; 0x108
005406B4  51F0     		str r0, [r6, +r7]

#396
#397
#398		{L:143}
(*) UNDEF
005406B6  F8DF 72B4		ldr r7, [pc, #+692] ; 0x105
005406BA  5DF0     		ldrb r0, [r6, +r7]

#399		{L:143}
(-) USINT
005406BC  1C40     		add r0, r0, #1

#400		{L:143}
(*) USINT
005406BE  F8DF 72A8		ldr r7, [pc, #+680] ; 0x104
005406C2  55F0     		strb r0, [r6, +r7]

#401
#402
#403		{L:144}
(*) USINT
005406C4  20DC     		mov r0, #220 ; 220
005406C6  F8DF 72A4		ldr r7, [pc, #+676] ; 0x105
005406CA  55F0     		strb r0, [r6, +r7]

#404
(-) USINT
005406CC  E3D8     		b #1968 ; 0x00540E80


#405
#406
#407
#408		{L:147}
(*) USINT
005406D0  2001     		mov r0, #1 ; 1
005406D2  F8DF 7304		ldr r7, [pc, #+772] ; 0x161
005406D6  55F0     		strb r0, [r6, +r7]

#409
#410
#411		{L:148}
(*) BOOL
005406D8  2032     		mov r0, #50 ; 50
005406DA  F8DF 7290		ldr r7, [pc, #+656] ; 0x105
005406DE  55F0     		strb r0, [r6, +r7]

#412
(-) USINT
005406E0  E3CE     		b #1948 ; 0x00540E80


#413
#414
#415
#416		{L:156}
(*) USINT
005406E4  F8DF 0364		ldr r0, [pc, #+868] ; 0x5400B8

#417		{L:156}
(*) DWORD
005406E8  F8DF 728C		ldr r7, [pc, #+652] ; 0x110
005406EC  51F0     		str r0, [r6, +r7]

#418
#419
#420		{L:157}
(*) DWORD
005406EE  F8DF 0358		ldr r0, [pc, #+856] ; 0x5400B4

#421		{L:157}
(*) DWORD
005406F2  F8DF 727C		ldr r7, [pc, #+636] ; 0x108
005406F6  51F0     		str r0, [r6, +r7]

#422
#423
#424		{L:158}
(*) UNDEF
005406F8  F8DF 7270		ldr r7, [pc, #+624] ; 0x105
005406FC  5DF0     		ldrb r0, [r6, +r7]

#425		{L:158}
(-) USINT
005406FE  1C40     		add r0, r0, #1

#426		{L:158}
(*) USINT
00540700  F8DF 7264		ldr r7, [pc, #+612] ; 0x104
00540704  55F0     		strb r0, [r6, +r7]

#427
#428
#429		{L:159}
(*) USINT
00540706  20C8     		mov r0, #200 ; 200
00540708  F8DF 7260		ldr r7, [pc, #+608] ; 0x105
0054070C  55F0     		strb r0, [r6, +r7]

#430
(-) USINT
0054070E  E3B7     		b #1902 ; 0x00540E80


#431
#432
#433
#434
#435		{L:172}
(-) USINT
00540712  4630     		mov r0, r6

#436		{L:172}
(*) DWORD
00540714  F8DF 72D8		ldr r7, [pc, #+728] ; 0x178
00540718  51F0     		str r0, [r6, +r7]

#437		{L:172}
(*) DWORD
0054071A  F8DF 0334		ldr r0, [pc, #+820] ; 0x5400C0

#438		{L:172}
(*) DWORD
0054071E  F8DF 72D4		ldr r7, [pc, #+724] ; 0x17C
00540722  51F0     		str r0, [r6, +r7]

#439		{L:172}
(*) UNDEF
00540724  F8DF 72C8		ldr r7, [pc, #+712] ; 0x178
00540728  59F0     		ldr r0, [r6, +r7]

#440		{L:172}
(-) @UNDEF
0054072A  2204     		mov r2, #4 ; 4
0054072C  F8DF 72C4		ldr r7, [pc, #+708] ; 0x17C
00540730  59F1     		ldr r1, [r6, +r7]
00540732  4600     		mov r0, r0
00540734  F8DF 42E0		ldr r4, [pc, #+736] ; 0x530078
00540738  F044 0401		orr r4, r4, #1
0054073C  47A0     		blx r4

#441		{L:172}
(*) @USINT
0054073E  F8DF 72C4		ldr r7, [pc, #+708] ; 0x18C
00540742  51F0     		str r0, [r6, +r7]

#442		{L:172}
(*) @USINT
00540744  4630     		mov r0, r6
00540746  F8DF 729C		ldr r7, [pc, #+668] ; 0x168
0054074A  19C0     		add r0, r0, r7

#443		{L:172}
(*) DWORD
0054074C  F8DF 72B8		ldr r7, [pc, #+696] ; 0x190
00540750  51F0     		str r0, [r6, +r7]

#444		{L:172}
(*) UNDEF
00540752  F8DF 72B0		ldr r7, [pc, #+688] ; 0x18C
00540756  59F0     		ldr r0, [r6, +r7]

#445		{L:172}
(-) @USINT
00540758  F8DF 72AC		ldr r7, [pc, #+684] ; 0x190
0054075C  59F3     		ldr r3, [r6, +r7]
0054075E  222B     		mov r2, #43 ; 43
00540760  F8DF 72F0		ldr r7, [pc, #+752] ; 0x5400CC
00540764  4639     		mov r1, r7
00540766  4600     		mov r0, r0
00540768  F8DF 42B0		ldr r4, [pc, #+688] ; 0x5300DC
0054076C  F044 0401		orr r4, r4, #1
00540770  47A0     		blx r4

#446		{L:172}
(*) BOOL
00540772  2800     		cmp r0, #0
00540774  BF08 2001		eqmov r0, #1
00540778  BF18 2000		nemov r0, #0

#447		{L:172}
(-) BOOL
0054077C  2800     		cmp r0, #0
0054077E  D006     		beq #12 ; 0x0054078E


#448
#449
#450
#451
#452		{L:172}
(*) BOOL
00540782  2016     		mov r0, #22 ; 22
00540784  F8DF 71EC		ldr r7, [pc, #+492] ; 0x10C
00540788  55F0     		strb r0, [r6, +r7]

#453
#454
#455
#456
(-) USINT
0054078A  E379     		b #1778 ; 0x00540E80


#457
#458
#459
#460
#461
#462		{L:173}
(-) USINT
0054078E  4630     		mov r0, r6

#463		{L:173}
(*) DWORD
00540790  F8DF 725C		ldr r7, [pc, #+604] ; 0x178
00540794  51F0     		str r0, [r6, +r7]

#464		{L:173}
(*) DWORD
00540796  F8DF 02C0		ldr r0, [pc, #+704] ; 0x5400D0

#465		{L:173}
(*) DWORD
0054079A  F8DF 7258		ldr r7, [pc, #+600] ; 0x17C
0054079E  51F0     		str r0, [r6, +r7]

#466		{L:173}
(*) UNDEF
005407A0  F8DF 724C		ldr r7, [pc, #+588] ; 0x178
005407A4  59F0     		ldr r0, [r6, +r7]

#467		{L:173}
(-) @UNDEF
005407A6  2204     		mov r2, #4 ; 4
005407A8  F8DF 7248		ldr r7, [pc, #+584] ; 0x17C
005407AC  59F1     		ldr r1, [r6, +r7]
005407AE  4600     		mov r0, r0
005407B0  F8DF 4264		ldr r4, [pc, #+612] ; 0x530078
005407B4  F044 0401		orr r4, r4, #1
005407B8  47A0     		blx r4

#468		{L:173}
(*) @USINT
005407BA  F8DF 7248		ldr r7, [pc, #+584] ; 0x18C
005407BE  51F0     		str r0, [r6, +r7]

#469		{L:173}
(*) @USINT
005407C0  4630     		mov r0, r6
005407C2  F8DF 7224		ldr r7, [pc, #+548] ; 0x16C
005407C6  19C0     		add r0, r0, r7

#470		{L:173}
(*) DWORD
005407C8  F8DF 723C		ldr r7, [pc, #+572] ; 0x190
005407CC  51F0     		str r0, [r6, +r7]

#471		{L:173}
(*) UNDEF
005407CE  F8DF 7234		ldr r7, [pc, #+564] ; 0x18C
005407D2  59F0     		ldr r0, [r6, +r7]

#472		{L:173}
(-) @USINT
005407D4  F8DF 7230		ldr r7, [pc, #+560] ; 0x190
005407D8  59F3     		ldr r3, [r6, +r7]
005407DA  2232     		mov r2, #50 ; 50
005407DC  F8DF 727C		ldr r7, [pc, #+636] ; 0x5400DC
005407E0  4639     		mov r1, r7
005407E2  4600     		mov r0, r0
005407E4  F8DF 4234		ldr r4, [pc, #+564] ; 0x5300DC
005407E8  F044 0401		orr r4, r4, #1
005407EC  47A0     		blx r4

#473		{L:173}
(*) BOOL
005407EE  2800     		cmp r0, #0
005407F0  BF08 2001		eqmov r0, #1
005407F4  BF18 2000		nemov r0, #0

#474		{L:173}
(-) BOOL
005407F8  2800     		cmp r0, #0
005407FA  D006     		beq #12 ; 0x0054080A


#475
#476
#477
#478
#479		{L:173}
(*) BOOL
005407FE  2017     		mov r0, #23 ; 23
00540800  F8DF 7170		ldr r7, [pc, #+368] ; 0x10C
00540804  55F0     		strb r0, [r6, +r7]

#480
#481
#482
#483
(-) USINT
00540806  E33B     		b #1654 ; 0x00540E80


#484
#485
#486
#487
#488
#489		{L:174}
(-) USINT
0054080A  4630     		mov r0, r6

#490		{L:174}
(*) DWORD
0054080C  F8DF 71E0		ldr r7, [pc, #+480] ; 0x178
00540810  51F0     		str r0, [r6, +r7]

#491		{L:174}
(*) DWORD
00540812  F8DF 024C		ldr r0, [pc, #+588] ; 0x5400E0

#492		{L:174}
(*) DWORD
00540816  F8DF 71DC		ldr r7, [pc, #+476] ; 0x17C
0054081A  51F0     		str r0, [r6, +r7]

#493		{L:174}
(*) UNDEF
0054081C  F8DF 71D0		ldr r7, [pc, #+464] ; 0x178
00540820  59F0     		ldr r0, [r6, +r7]

#494		{L:174}
(-) @UNDEF
00540822  2204     		mov r2, #4 ; 4
00540824  F8DF 71CC		ldr r7, [pc, #+460] ; 0x17C
00540828  59F1     		ldr r1, [r6, +r7]
0054082A  4600     		mov r0, r0
0054082C  F8DF 41E8		ldr r4, [pc, #+488] ; 0x530078
00540830  F044 0401		orr r4, r4, #1
00540834  47A0     		blx r4

#495		{L:174}
(*) @USINT
00540836  F8DF 71CC		ldr r7, [pc, #+460] ; 0x18C
0054083A  51F0     		str r0, [r6, +r7]

#496		{L:174}
(*) @USINT
0054083C  4630     		mov r0, r6
0054083E  F8DF 71AC		ldr r7, [pc, #+428] ; 0x171
00540842  19C0     		add r0, r0, r7

#497		{L:174}
(*) DWORD
00540844  F8DF 71C0		ldr r7, [pc, #+448] ; 0x190
00540848  51F0     		str r0, [r6, +r7]

#498		{L:174}
(*) UNDEF
0054084A  F8DF 71B8		ldr r7, [pc, #+440] ; 0x18C
0054084E  59F0     		ldr r0, [r6, +r7]

#499		{L:174}
(-) @USINT
00540850  F8DF 71B4		ldr r7, [pc, #+436] ; 0x190
00540854  59F3     		ldr r3, [r6, +r7]
00540856  2232     		mov r2, #50 ; 50
00540858  F8DF 7200		ldr r7, [pc, #+512] ; 0x5400DC
0054085C  4639     		mov r1, r7
0054085E  4600     		mov r0, r0
00540860  F8DF 41B8		ldr r4, [pc, #+440] ; 0x5300DC
00540864  F044 0401		orr r4, r4, #1
00540868  47A0     		blx r4

#500		{L:174}
(*) BOOL
0054086A  2800     		cmp r0, #0
0054086C  BF08 2001		eqmov r0, #1
00540870  BF18 2000		nemov r0, #0

#501		{L:174}
(-) BOOL
00540874  2800     		cmp r0, #0
00540876  D006     		beq #12 ; 0x00540886


#502
#503
#504
#505
#506		{L:174}
(*) BOOL
0054087A  2018     		mov r0, #24 ; 24
0054087C  F8DF 70F4		ldr r7, [pc, #+244] ; 0x10C
00540880  55F0     		strb r0, [r6, +r7]

#507
#508
#509
#510
(-) USINT
00540882  E2FD     		b #1530 ; 0x00540E80


#511
#512
#513
#514
#515
#516		{L:176}
(*) UNDEF
00540886  F8DF 714C		ldr r7, [pc, #+332] ; 0x160
0054088A  5DF0     		ldrb r0, [r6, +r7]

#517		{L:176}
(*) BOOL
0054088C  2800     		cmp r0, #0
0054088E  BF08 2001		eqmov r0, #1
00540892  BF18 2000		nemov r0, #0

#518		{L:176}
(-) BOOL
00540896  2800     		cmp r0, #0
00540898  D006     		beq #12 ; 0x005408A8


#519
#520
#521
#522
#523		{L:176}
(*) BOOL
0054089C  2064     		mov r0, #100 ; 100
0054089E  F8DF 70CC		ldr r7, [pc, #+204] ; 0x105
005408A2  55F0     		strb r0, [r6, +r7]

#524
#525
#526
#527
(-) USINT
005408A4  E2EC     		b #1496 ; 0x00540E80


#528
#529
#530
#531
#532
#533		{L:177}
(*) UNDEF
005408A8  F8DF 7128		ldr r7, [pc, #+296] ; 0x160
005408AC  5DF0     		ldrb r0, [r6, +r7]

#534		{L:177}
(-) BOOL
005408AE  2800     		cmp r0, #0
005408B0  D006     		beq #12 ; 0x005408C0


#535
#536
#537
#538
#539		{L:177}
(*) BOOL
005408B4  2065     		mov r0, #101 ; 101
005408B6  F8DF 70B4		ldr r7, [pc, #+180] ; 0x105
005408BA  55F0     		strb r0, [r6, +r7]

#540
#541
#542
#543
(-) USINT
005408BC  E2E0     		b #1472 ; 0x00540E80


#544
#545
#546
(-) USINT
005408C0  E2DE     		b #1468 ; 0x00540E80


#547
#548
#549
#550		{L:183}
(*) USINT
005408C4  F8DF 019C		ldr r0, [pc, #+412] ; 0x5400EC

#551		{L:183}
(*) DWORD
005408C8  F8DF 70AC		ldr r7, [pc, #+172] ; 0x110
005408CC  51F0     		str r0, [r6, +r7]

#552
#553
#554		{L:184}
(*) DWORD
005408CE  F8DF 0178		ldr r0, [pc, #+376] ; 0x5400B4

#555		{L:184}
(*) DWORD
005408D2  F8DF 709C		ldr r7, [pc, #+156] ; 0x108
005408D6  51F0     		str r0, [r6, +r7]

#556
#557
#558		{L:185}
(*) DWORD
005408D8  206E     		mov r0, #110 ; 110
005408DA  F8DF 708C		ldr r7, [pc, #+140] ; 0x104
005408DE  55F0     		strb r0, [r6, +r7]

#559
#560
#561		{L:186}
(*) USINT
005408E0  20C8     		mov r0, #200 ; 200
005408E2  F8DF 7088		ldr r7, [pc, #+136] ; 0x105
005408E6  55F0     		strb r0, [r6, +r7]

#562
(-) USINT
005408E8  E2CA     		b #1428 ; 0x00540E80


#563
#564
#565
#566		{L:189}
(*) USINT
005408EC  F8DF 0178		ldr r0, [pc, #+376] ; 0x5400F8

#567		{L:189}
(*) DWORD
005408F0  F8DF 7084		ldr r7, [pc, #+132] ; 0x110
005408F4  51F0     		str r0, [r6, +r7]

#568
#569
#570		{L:190}
(*) DWORD
005408F6  F8DF 0150		ldr r0, [pc, #+336] ; 0x5400B4

#571		{L:190}
(*) DWORD
005408FA  F8DF 7074		ldr r7, [pc, #+116] ; 0x108
005408FE  51F0     		str r0, [r6, +r7]

#572
#573
#574		{L:191}
(*) DWORD
00540900  206E     		mov r0, #110 ; 110
00540902  F8DF 7064		ldr r7, [pc, #+100] ; 0x104
00540906  55F0     		strb r0, [r6, +r7]

#575
#576
#577		{L:192}
(*) USINT
00540908  20C8     		mov r0, #200 ; 200
0054090A  F8DF 7060		ldr r7, [pc, #+96] ; 0x105
0054090E  55F0     		strb r0, [r6, +r7]

#578
(-) USINT
00540910  E2B6     		b #1388 ; 0x00540E80


#579
#580
#581
#582		{L:197}
(-) UNDEF
00540914  2001     		mov r0, #1 ; 1

#583		{L:197}
(-) BOOL
00540916  4600     		mov r0, r0
00540918  F8DF 40F8		ldr r4, [pc, #+248] ; 0x53003C
0054091C  F044 0401		orr r4, r4, #1
00540920  47A0     		blx r4

#584		{L:197}
(*) UDINT
00540922  F8DF 7090		ldr r7, [pc, #+144] ; 0x144
00540926  51F0     		str r0, [r6, +r7]

#585
#586
#587		{L:198}
(*) UNDEF
00540928  F8DF 7040		ldr r7, [pc, #+64] ; 0x105
0054092C  5DF0     		ldrb r0, [r6, +r7]

#588		{L:198}
(-) USINT
0054092E  1C40     		add r0, r0, #1

#589		{L:198}
(*) USINT
00540930  F8DF 7038		ldr r7, [pc, #+56] ; 0x105
00540934  55F0     		strb r0, [r6, +r7]

#590
(-) USINT
00540936  E2A3     		b #1350 ; 0x00540E80


#591
#592
#593
#594
#595		{L:201}
(-) UNDEF
0054093A  2001     		mov r0, #1 ; 1

#596		{L:201}
(-) BOOL
0054093C  4600     		mov r0, r0
0054093E  F8DF 40D4		ldr r4, [pc, #+212] ; 0x53003C
00540942  F044 0401		orr r4, r4, #1
00540946  47A0     		blx r4

#597		{L:201}
(*) UDINT
00540948  F8DF 7068		ldr r7, [pc, #+104] ; 0x144
0054094C  59F7     		ldr r7, [r6, +r7]
0054094E  1BC0     		sub r0, r0, r7

#598		{L:201}
(*) UDINT
00540950  F8DF 7118		ldr r7, [pc, #+280] ; 0x540104
00540954  683F     		ldr r7, [r7]
00540956  42B8     		cmp r0, r7
00540958  BF28 2000		hsmov r0, #0
0054095C  BF38 2001		lomov r0, #1

00540960  E08C     		b #280

00540964  00000102		; 0x00000102
00540968  00000104		; 0x00000104
0054096C  00000105		; 0x00000105
00540970  00000108		; 0x00000108
00540974  0000010C		; 0x0000010C
00540978  00000110		; 0x00000110
0054097C  00000114		; 0x00000114
00540980  0000011C		; 0x0000011C
00540984  00000120		; 0x00000120
00540988  00000124		; 0x00000124
0054098C  00000128		; 0x00000128
00540990  0000012C		; 0x0000012C
00540994  0000012E		; 0x0000012E
00540998  00000130		; 0x00000130
0054099C  00000132		; 0x00000132
005409A0  00000134		; 0x00000134
005409A4  00000136		; 0x00000136
005409A8  00000138		; 0x00000138
005409AC  0000013C		; 0x0000013C
005409B0  00000140		; 0x00000140
005409B4  00000144		; 0x00000144
005409B8  00000148		; 0x00000148
005409BC  0000014C		; 0x0000014C
005409C0  00000150		; 0x00000150
005409C4  00000151		; 0x00000151
005409C8  00000154		; 0x00000154
005409CC  00000158		; 0x00000158
005409D0  0000015C		; 0x0000015C
005409D4  00000160		; 0x00000160
005409D8  00000161		; 0x00000161
005409DC  00000162		; 0x00000162
005409E0  00000164		; 0x00000164
005409E4  00000168		; 0x00000168
005409E8  0000016C		; 0x0000016C
005409EC  00000171		; 0x00000171
005409F0  00000178		; 0x00000178
005409F4  0000017C		; 0x0000017C
005409F8  00000180		; 0x00000180
005409FC  00000184		; 0x00000184
00540A00  00000188		; 0x00000188
00540A04  0000018C		; 0x0000018C
00540A08  00000190		; 0x00000190
00540A0C  00421315		; 0x00421315
00540A10  0042135D		; 0x0042135D
00540A14  0053003C		; 0x0053003C
00540A18  00530078		; 0x00530078
00540A1C  005300DC		; 0x005300DC
00540A20  005300E4		; 0x005300E4
00540A24  005300E8		; 0x005300E8
00540A28  00530118		; 0x00530118
00540A2C  00530154		; 0x00530154
00540A30  00540084		; 0x00540084
00540A34  00540090		; 0x00540090
00540A38  005400A0		; 0x005400A0
00540A3C  005400A4		; 0x005400A4
00540A40  005400A8		; 0x005400A8
00540A44  005400AC		; 0x005400AC
00540A48  005400B4		; 0x005400B4
00540A4C  005400B8		; 0x005400B8
00540A50  005400C0		; 0x005400C0
00540A54  005400CC		; 0x005400CC
00540A58  005400D0		; 0x005400D0
00540A5C  005400DC		; 0x005400DC
00540A60  005400E0		; 0x005400E0
00540A64  005400EC		; 0x005400EC
00540A68  005400F8		; 0x005400F8
00540A6C  00540104		; 0x00540104
00540A70  0054012C		; 0x0054012C
00540A74  00540130		; 0x00540130
00540A78  204130A4		; 0x204130A4

#599		{L:201}
(-) BOOL
00540A7C  2800     		cmp r0, #0
00540A7E  D002     		beq #4 ; 0x00540A86


#600
#601
#602
#603
#604
#605
(-) BOOL
00540A82  E1FD     		b #1018 ; 0x00540E80


#606
#607
#608
#609
#610		{L:202}
(*) BOOL
00540A86  2000     		mov r0, #0 ; 0
00540A88  F85F 710C		ldr r7, [pc, #-268] ; 0x11C
00540A8C  55F0     		strb r0, [r6, +r7]

#611
#612
#613		{L:203}
(*) BOOL
00540A8E  2000     		mov r0, #0 ; 0
00540A90  F85F 7128		ldr r7, [pc, #-296] ; 0x105
00540A94  55F0     		strb r0, [r6, +r7]

#614
(-) USINT
00540A96  E1F3     		b #998 ; 0x00540E80


#615
#616
#617
#618		{L:211}
(*) UNDEF
00540A9A  F85F 70F4		ldr r7, [pc, #-244] ; 0x138
00540A9E  59F0     		ldr r0, [r6, +r7]

#619		{L:211}
(-) UDINT
00540AA0  4600     		mov r0, r0
00540AA2  F8DF 4410		ldr r4, [pc, #+1040] ; 0x5300A4
00540AA6  F044 0401		orr r4, r4, #1
00540AAA  47A0     		blx r4

#620		{L:211}
(*) BOOL
00540AAC  F85F 70F4		ldr r7, [pc, #-244] ; 0x14C
00540AB0  51F0     		str r0, [r6, +r7]

#621
#622
#623		{L:212}
(*) UNDEF
00540AB2  F85F 710C		ldr r7, [pc, #-268] ; 0x138
00540AB6  59F0     		ldr r0, [r6, +r7]

#624		{L:212}
(-) UDINT
00540AB8  4600     		mov r0, r0
00540ABA  F8DF 43FC		ldr r4, [pc, #+1020] ; 0x5300A8
00540ABE  F044 0401		orr r4, r4, #1
00540AC2  47A0     		blx r4

#625		{L:212}
(*) BOOL
00540AC4  F85F 710C		ldr r7, [pc, #-268] ; 0x14C
00540AC8  51F0     		str r0, [r6, +r7]

#626
#627
#628		{L:213}
(*) UNDEF
00540ACA  F85F 7154		ldr r7, [pc, #-340] ; 0x110
00540ACE  59F0     		ldr r0, [r6, +r7]

#629		{L:213}
(-) @BYTE
00540AD0  4600     		mov r0, r0
00540AD2  F8DF 43C8		ldr r4, [pc, #+968] ; 0x530074
00540AD6  F044 0401		orr r4, r4, #1
00540ADA  47A0     		blx r4

#630		{L:213}
(*) UDINT
00540ADC  F85F 70E0		ldr r7, [pc, #-224] ; 0x188
00540AE0  51F0     		str r0, [r6, +r7]

#631		{L:213}
(*) UNDEF
00540AE2  F85F 70E4		ldr r7, [pc, #-228] ; 0x188
00540AE6  59F0     		ldr r0, [r6, +r7]

#632		{L:213}
(-) UDINT
#633		{L:213}
(*) INT
00540AE8  F8DF 73A0		ldr r7, [pc, #+928] ; 0x194
00540AEC  53F0     		strh r0, [r6, +r7]

#634		{L:213}
(*) UNDEF
00540AEE  F85F 7178		ldr r7, [pc, #-376] ; 0x110
00540AF2  59F0     		ldr r0, [r6, +r7]

#635		{L:213}
(-) @BYTE
00540AF4  F85F 7150		ldr r7, [pc, #-336] ; 0x138
00540AF8  59F3     		ldr r3, [r6, +r7]
00540AFA  2201     		mov r2, #1 ; 1
00540AFC  F8DF 738C		ldr r7, [pc, #+908] ; 0x194
00540B00  5FF1     		ldrsh r1, [r6, +r7]
00540B02  4600     		mov r0, r0
00540B04  F8DF 43A0		ldr r4, [pc, #+928] ; 0x530098
00540B08  F044 0401		orr r4, r4, #1
00540B0C  47A0     		blx r4

#636		{L:213}
(*) INT
00540B0E  F85F 7154		ldr r7, [pc, #-340] ; 0x14C
00540B12  51F0     		str r0, [r6, +r7]

#637
#638
#639		{L:214}
(-) UNDEF
00540B14  200D     		mov r0, #13 ; 13

#640		{L:214}
(-) USINT
#641		{L:214}
(*) INT
00540B16  F8DF 7374		ldr r7, [pc, #+884] ; 0x194
00540B1A  53F0     		strh r0, [r6, +r7]

#642		{L:214}
(*) UNDEF
00540B1C  F8DF 736C		ldr r7, [pc, #+876] ; 0x194
00540B20  5FF0     		ldrsh r0, [r6, +r7]

#643		{L:214}
(-) INT
00540B22  F85F 717C		ldr r7, [pc, #-380] ; 0x138
00540B26  59F1     		ldr r1, [r6, +r7]
00540B28  4600     		mov r0, r0
00540B2A  F8DF 4378		ldr r4, [pc, #+888] ; 0x530090
00540B2E  F044 0401		orr r4, r4, #1
00540B32  47A0     		blx r4

#644		{L:214}
(*) INT
00540B34  F85F 717C		ldr r7, [pc, #-380] ; 0x14C
00540B38  51F0     		str r0, [r6, +r7]

#645
#646
#647		{L:215}
(*) UNDEF
00540B3A  F85F 7194		ldr r7, [pc, #-404] ; 0x138
00540B3E  59F0     		ldr r0, [r6, +r7]

#648		{L:215}
(-) UDINT
00540B40  4600     		mov r0, r0
00540B42  F8DF 4378		ldr r4, [pc, #+888] ; 0x5300AC
00540B46  F044 0401		orr r4, r4, #1
00540B4A  47A0     		blx r4

#649		{L:215}
(*) BOOL
00540B4C  F85F 7194		ldr r7, [pc, #-404] ; 0x14C
00540B50  51F0     		str r0, [r6, +r7]

#650
#651
#652
#653		{L:216}
(*) UNDEF
00540B52  F85F 7190		ldr r7, [pc, #-400] ; 0x151
00540B56  5DF0     		ldrb r0, [r6, +r7]

#654		{L:216}
(-) BOOL
00540B58  2800     		cmp r0, #0
00540B5A  D016     		beq #44 ; 0x00540B8A


#655
#656
#657
#658
#659		{L:216}
(*) BOOL
00540B5E  F8DF 0364		ldr r0, [pc, #+868] ; 0x540108

#660		{L:216}
(*) DWORD
00540B62  F85F 7174		ldr r7, [pc, #-372] ; 0x178
00540B66  51F0     		str r0, [r6, +r7]

#661		{L:216}
(-) UNDEF
00540B68  2001     		mov r0, #1 ; 1

#662		{L:216}
(-) USINT
00540B6A  F85F 71F4		ldr r7, [pc, #-500] ; 0x110
00540B6E  59F3     		ldr r3, [r6, +r7]
00540B70  F85F 7184		ldr r7, [pc, #-388] ; 0x178
00540B74  59F2     		ldr r2, [r6, +r7]
00540B76  2101     		mov r1, #1 ; 1
00540B78  4600     		mov r0, r0
00540B7A  F85F 4154		ldr r4, [pc, #-340] ; 0x530118
00540B7E  F044 0401		orr r4, r4, #1
00540B82  47A0     		blx r4

#663		{L:216}
(*) BOOL
00540B84  F85F 71CC		ldr r7, [pc, #-460] ; 0x14C
00540B88  51F0     		str r0, [r6, +r7]

#664
#665
#666
#667
#668
#669		{L:217}
(*) UNDEF
00540B8A  F85F 7220		ldr r7, [pc, #-544] ; 0x105
00540B8E  5DF0     		ldrb r0, [r6, +r7]

#670		{L:217}
(-) USINT
00540B90  1C40     		add r0, r0, #1

#671		{L:217}
(*) USINT
00540B92  F85F 7228		ldr r7, [pc, #-552] ; 0x105
00540B96  55F0     		strb r0, [r6, +r7]

#672
(-) USINT
00540B98  E172     		b #740 ; 0x00540E80


#673
#674
#675
#676
#677		{L:223}
(*) UNDEF
00540B9C  F85F 71F8		ldr r7, [pc, #-504] ; 0x138
00540BA0  59F0     		ldr r0, [r6, +r7]

#678		{L:223}
(-) UDINT
00540BA2  4600     		mov r0, r0
00540BA4  F8DF 4308		ldr r4, [pc, #+776] ; 0x5300A0
00540BA8  F044 0401		orr r4, r4, #1
00540BAC  47A0     		blx r4

#679		{L:223}
(*) INT
00540BAE  F8DF 72DC		ldr r7, [pc, #+732] ; 0x194
00540BB2  53F0     		strh r0, [r6, +r7]

#680		{L:223}
(*) UNDEF
00540BB4  F85F 7210		ldr r7, [pc, #-528] ; 0x138
00540BB8  59F0     		ldr r0, [r6, +r7]

#681		{L:223}
(-) UDINT
00540BBA  4600     		mov r0, r0
00540BBC  F8DF 4300		ldr r4, [pc, #+768] ; 0x5300B4
00540BC0  F044 0401		orr r4, r4, #1
00540BC4  47A0     		blx r4

#682		{L:223}
(*) UDINT
00540BC6  F85F 71C8		ldr r7, [pc, #-456] ; 0x188
00540BCA  51F0     		str r0, [r6, +r7]

#683		{L:223}
(*) UNDEF
00540BCC  F85F 71D0		ldr r7, [pc, #-464] ; 0x188
00540BD0  59F0     		ldr r0, [r6, +r7]

#684		{L:223}
(-) UDINT
#685		{L:223}
(*) INT
00540BD2  F8DF 72BC		ldr r7, [pc, #+700] ; 0x196
00540BD6  53F0     		strh r0, [r6, +r7]

#686		{L:223}
(*) UNDEF
00540BD8  F8DF 72B0		ldr r7, [pc, #+688] ; 0x194
00540BDC  5FF0     		ldrsh r0, [r6, +r7]

#687		{L:223}
(*) INT
00540BDE  F8DF 72B0		ldr r7, [pc, #+688] ; 0x196
00540BE2  5FF7     		ldrsh r7, [r6, +r7]
00540BE4  42B8     		cmp r0, r7
00540BE6  BF08 2000		eqmov r0, #0
00540BEA  BF18 2001		nemov r0, #1

#688		{L:223}
(-) BOOL
00540BEE  2800     		cmp r0, #0
00540BF0  D002     		beq #4 ; 0x00540BF8


#689
#690
#691
#692
#693
#694
(-) BOOL
00540BF4  E144     		b #648 ; 0x00540E80


#695
#696
#697
#698
#699		{L:224}
(*) BOOL
00540BF8  20DC     		mov r0, #220 ; 220
00540BFA  F85F 7290		ldr r7, [pc, #-656] ; 0x105
00540BFE  55F0     		strb r0, [r6, +r7]

#700
(-) USINT
00540C00  E13E     		b #636 ; 0x00540E80


#701
#702
#703
#704
#705		{L:232}
(*) UNDEF
00540C04  F85F 7260		ldr r7, [pc, #-608] ; 0x138
00540C08  59F0     		ldr r0, [r6, +r7]

#706		{L:232}
(-) UDINT
00540C0A  4600     		mov r0, r0
00540C0C  F8DF 429C		ldr r4, [pc, #+668] ; 0x53009C
00540C10  F044 0401		orr r4, r4, #1
00540C14  47A0     		blx r4

#707		{L:232}
(*) INT
00540C16  2800     		cmp r0, #0
00540C18  BF18 2000		nemov r0, #0
00540C1C  BF08 2001		eqmov r0, #1

#708		{L:232}
(-) BOOL
00540C20  2800     		cmp r0, #0
00540C22  D002     		beq #4 ; 0x00540C2A


#709
#710
#711
#712
#713
#714
(-) BOOL
00540C26  E12B     		b #598 ; 0x00540E80


#715
#716
#717
#718
#719		{L:233}
(-) UNDEF
00540C2A  2001     		mov r0, #1 ; 1

#720		{L:233}
(-) BOOL
00540C2C  4600     		mov r0, r0
00540C2E  F85F 421C		ldr r4, [pc, #-540] ; 0x53003C
00540C32  F044 0401		orr r4, r4, #1
00540C36  47A0     		blx r4

#721		{L:233}
(*) UDINT
00540C38  F85F 7288		ldr r7, [pc, #-648] ; 0x144
00540C3C  51F0     		str r0, [r6, +r7]

#722
#723
#724		{L:234}
(*) UDINT
00540C3E  2000     		mov r0, #0 ; 0
00540C40  F8DF 7244		ldr r7, [pc, #+580] ; 0x10E
00540C44  53F0     		strh r0, [r6, +r7]

#725
#726
#727		{L:235}
(-) UINT
00540C46  4630     		mov r0, r6

#728		{L:235}
(*) DWORD
00540C48  F85F 725C		ldr r7, [pc, #-604] ; 0x178
00540C4C  51F0     		str r0, [r6, +r7]

#729		{L:235}
(*) UNDEF
00540C4E  F85F 7260		ldr r7, [pc, #-608] ; 0x178
00540C52  59F0     		ldr r0, [r6, +r7]

#730		{L:235}
(-) @UNDEF
00540C54  F8DF 7278		ldr r7, [pc, #+632] ; 0x540134
00540C58  683A     		ldr r2, [r7]
00540C5A  2100     		mov r1, #0 ; 0
00540C5C  4600     		mov r0, r0
00540C5E  F8DF 4238		ldr r4, [pc, #+568] ; 0x530060
00540C62  F044 0401		orr r4, r4, #1
00540C66  47A0     		blx r4

#731		{L:235}
(*) @USINT
00540C68  F85F 72B0		ldr r7, [pc, #-688] ; 0x14C
00540C6C  51F0     		str r0, [r6, +r7]

#732
#733
#734		{L:236}
(*) UNDEF
00540C6E  F85F 7304		ldr r7, [pc, #-772] ; 0x105
00540C72  5DF0     		ldrb r0, [r6, +r7]

#735		{L:236}
(-) USINT
00540C74  1C40     		add r0, r0, #1

#736		{L:236}
(*) USINT
00540C76  F85F 730C		ldr r7, [pc, #-780] ; 0x105
00540C7A  55F0     		strb r0, [r6, +r7]

#737
(-) USINT
00540C7C  E100     		b #512 ; 0x00540E80


#738
#739
#740
#741
#742		{L:242}
(*) UNDEF
00540C80  F85F 72DC		ldr r7, [pc, #-732] ; 0x138
00540C84  59F0     		ldr r0, [r6, +r7]

#743		{L:242}
(-) UDINT
00540C86  4600     		mov r0, r0
00540C88  F8DF 4220		ldr r4, [pc, #+544] ; 0x53009C
00540C8C  F044 0401		orr r4, r4, #1
00540C90  47A0     		blx r4

#744		{L:242}
(*) INT
00540C92  2800     		cmp r0, #0
00540C94  BF18 2000		nemov r0, #0
00540C98  BF08 2001		eqmov r0, #1

#745		{L:242}
(-) BOOL
00540C9C  2800     		cmp r0, #0
00540C9E  D045     		beq #138 ; 0x00540D2C


#746
#747
#748
#749
#750
#751		{L:243}
(-) UNDEF
00540CA2  2001     		mov r0, #1 ; 1

#752		{L:243}
(-) BOOL
00540CA4  4600     		mov r0, r0
00540CA6  F85F 4294		ldr r4, [pc, #-660] ; 0x53003C
00540CAA  F044 0401		orr r4, r4, #1
00540CAE  47A0     		blx r4

#753		{L:243}
(*) UDINT
00540CB0  F85F 7300		ldr r7, [pc, #-768] ; 0x144
00540CB4  59F7     		ldr r7, [r6, +r7]
00540CB6  1BC0     		sub r0, r0, r7

#754		{L:243}
(*) UDINT
00540CB8  F85F 72BC		ldr r7, [pc, #-700] ; 0x188
00540CBC  51F0     		str r0, [r6, +r7]

#755		{L:243}
(*) UNDEF
00540CBE  F85F 7308		ldr r7, [pc, #-776] ; 0x148
00540CC2  59F0     		ldr r0, [r6, +r7]

#756		{L:243}
(*) REAL
00540CC4  F8DF 7200		ldr r7, [pc, #+512] ; 0x54010C
00540CC8  683F     		ldr r7, [r7]
00540CCA  B082     		sub sp, sp, #8
00540CCC  F8CD 1000		str r1, [sp]
00540CD0  4639     		mov r1, r7
00540CD2  F8DF 41C0		ldr r4, [pc, #+448] ; 0x421349
00540CD6  F044 0401		orr r4, r4, #1
00540CDA  47A0     		blx r4
00540CDC  F8DD 1000		ldr r1, [sp]
00540CE0  B002     		add sp, sp, #8

#757		{L:243}
(*) REAL
00540CE2  F85F 72E8		ldr r7, [pc, #-744] ; 0x184
00540CE6  51F0     		str r0, [r6, +r7]

#758		{L:243}
(*) UNDEF
00540CE8  F85F 72F0		ldr r7, [pc, #-752] ; 0x184
00540CEC  59F0     		ldr r0, [r6, +r7]

#759		{L:243}
(*) REAL
00540CEE  F85F 42E4		ldr r4, [pc, #-740] ; 0x421315
00540CF2  F044 0401		orr r4, r4, #1
00540CF6  47A0     		blx r4

#760		{L:243}
(*) UDINT
00540CF8  F85F 7304		ldr r7, [pc, #-772] ; 0x180
00540CFC  51F0     		str r0, [r6, +r7]

#761		{L:243}
(*) UNDEF
00540CFE  F85F 7300		ldr r7, [pc, #-768] ; 0x188
00540D02  59F0     		ldr r0, [r6, +r7]

#762		{L:243}
(*) UDINT
00540D04  F85F 7310		ldr r7, [pc, #-784] ; 0x180
00540D08  59F7     		ldr r7, [r6, +r7]
00540D0A  42B8     		cmp r0, r7
00540D0C  BF98 2000		lsmov r0, #0
00540D10  BF88 2001		himov r0, #1

#763		{L:243}
(-) BOOL
00540D14  2800     		cmp r0, #0
00540D16  D007     		beq #14 ; 0x00540D28


#764
#765
#766
#767
#768		{L:243}
(*) UNDEF
00540D1A  F85F 73B0		ldr r7, [pc, #-944] ; 0x105
00540D1E  5DF0     		ldrb r0, [r6, +r7]

#769		{L:243}
(-) USINT
00540D20  1C40     		add r0, r0, #1

#770		{L:243}
(*) USINT
00540D22  F85F 73B8		ldr r7, [pc, #-952] ; 0x105
00540D26  55F0     		strb r0, [r6, +r7]

#771
#772
#773
#774
#775
#776
#777
(-) USINT
00540D28  E0AA     		b #340 ; 0x00540E80


#778
#779
#780
#781
#782		{L:247}
(-) UNDEF
00540D2C  2001     		mov r0, #1 ; 1

#783		{L:247}
(-) BOOL
00540D2E  4600     		mov r0, r0
00540D30  F85F 4320		ldr r4, [pc, #-800] ; 0x53003C
00540D34  F044 0401		orr r4, r4, #1
00540D38  47A0     		blx r4

#784		{L:247}
(*) UDINT
00540D3A  F85F 7388		ldr r7, [pc, #-904] ; 0x144
00540D3E  51F0     		str r0, [r6, +r7]

#785
#786
#787
#788		{L:251}
(*) UNDEF
00540D40  F85F 739C		ldr r7, [pc, #-924] ; 0x138
00540D44  59F0     		ldr r0, [r6, +r7]

#789		{L:251}
(-) UDINT
00540D46  4600     		mov r0, r0
00540D48  F8DF 4160		ldr r4, [pc, #+352] ; 0x53009C
00540D4C  F044 0401		orr r4, r4, #1
00540D50  47A0     		blx r4

#790		{L:251}
(*) INT
00540D52  2800     		cmp r0, #0
00540D54  BF08 2000		eqmov r0, #0
00540D58  BF18 2001		nemov r0, #1

#791		{L:251}
(-) BOOL
00540D5C  2800     		cmp r0, #0
00540D5E  D033     		beq #102 ; 0x00540DC8


#792
#793
#794
#795		{L:252}
(-) UNDEF
00540D62  4630     		mov r0, r6

#796		{L:252}
(*) STRING
00540D64  F8DF 7120		ldr r7, [pc, #+288] ; 0x10E
00540D68  5BF7     		ldrh r7, [r6, +r7]
00540D6A  19C0     		add r0, r0, r7

#797		{L:252}
(*) UINT
00540D6C  F85F 73F8		ldr r7, [pc, #-1016] ; 0x110
00540D70  51F0     		str r0, [r6, +r7]

#798
#799
#800		{L:253}
(*) UNDEF
00540D72  F85F 73CC		ldr r7, [pc, #-972] ; 0x138
00540D76  59F0     		ldr r0, [r6, +r7]

#801		{L:253}
(-) UDINT
00540D78  4600     		mov r0, r0
00540D7A  F8DF 4124		ldr r4, [pc, #+292] ; 0x53008C
00540D7E  F044 0401		orr r4, r4, #1
00540D82  47A0     		blx r4

#802		{L:253}
(-) INT
#803		{L:253}
(*) USINT
00540D84  F85F 7410		ldr r7, [pc, #-1040] ; 0x110
00540D88  F856 C007		ldr r12, [r6, +r7]
00540D8C  F88C 0000		strb r0, [r12]

#804
#805
#806		{L:254}
(*) UNDEF
00540D90  F8DF 70F4		ldr r7, [pc, #+244] ; 0x10E
00540D94  5BF0     		ldrh r0, [r6, +r7]

#807		{L:254}
(-) UINT
00540D96  1C40     		add r0, r0, #1

#808		{L:254}
(*) UINT
00540D98  F8DF 70EC		ldr r7, [pc, #+236] ; 0x10E
00540D9C  53F0     		strh r0, [r6, +r7]

#809
#810
#811
#812		{L:255}
(*) UNDEF
00540D9E  F8DF 70E8		ldr r7, [pc, #+232] ; 0x10E
00540DA2  5BF0     		ldrh r0, [r6, +r7]

#813		{L:255}
(*) UINT
00540DA4  F8DF 712C		ldr r7, [pc, #+300] ; 0x540138
00540DA8  683F     		ldr r7, [r7]
00540DAA  42B8     		cmp r0, r7
00540DAC  BF98 2000		lsmov r0, #0
00540DB0  BF88 2001		himov r0, #1

#814		{L:255}
(-) BOOL
00540DB4  2800     		cmp r0, #0
00540DB6  D006     		beq #12 ; 0x00540DC6


#815
#816
#817
#818
#819		{L:255}
(*) BOOL
00540DBA  200A     		mov r0, #10 ; 10
00540DBC  F85F 744C		ldr r7, [pc, #-1100] ; 0x10C
00540DC0  55F0     		strb r0, [r6, +r7]

#820
#821
#822
#823
(-) USINT
00540DC2  E05D     		b #186 ; 0x00540E80


#824
#825
#826
(-) USINT
00540DC6  E7BB     		b #-138 ; 0x00540D40

#827
#828
#829
#830
#831
#832
#833		{L:260}
(*) UNDEF
00540DC8  F85F 745C		ldr r7, [pc, #-1116] ; 0x108
00540DCC  59F0     		ldr r0, [r6, +r7]

#834		{L:260}
(-) @BYTE
00540DCE  4600     		mov r0, r0
00540DD0  F8DF 40C8		ldr r4, [pc, #+200] ; 0x530074
00540DD4  F044 0401		orr r4, r4, #1
00540DD8  47A0     		blx r4

#835		{L:260}
(*) UDINT
00540DDA  2800     		cmp r0, #0
00540DDC  BF98 2000		lsmov r0, #0
00540DE0  BF88 2001		himov r0, #1

#836		{L:260}
(-) BOOL
00540DE4  2800     		cmp r0, #0
00540DE6  D023     		beq #70 ; 0x00540E30


#837
#838
#839
#840
#841
#842		{L:261}
(-) BOOL
00540DEA  4630     		mov r0, r6

#843		{L:261}
(*) DWORD
00540DEC  F85F 7400		ldr r7, [pc, #-1024] ; 0x178
00540DF0  51F0     		str r0, [r6, +r7]

#844		{L:261}
(*) UNDEF
00540DF2  F85F 7404		ldr r7, [pc, #-1028] ; 0x178
00540DF6  59F0     		ldr r0, [r6, +r7]

#845		{L:261}
(-) @UNDEF
00540DF8  2200     		mov r2, #0 ; 0
00540DFA  F85F 748C		ldr r7, [pc, #-1164] ; 0x108
00540DFE  59F1     		ldr r1, [r6, +r7]
00540E00  4600     		mov r0, r0
00540E02  F85F 43EC		ldr r4, [pc, #-1004] ; 0x530078
00540E06  F044 0401		orr r4, r4, #1
00540E0A  47A0     		blx r4

#846		{L:261}
(*) @USINT
00540E0C  2700     		mov r7, #0 ; 0
00540E0E  42B8     		cmp r0, r7
00540E10  BF08 2000		eqmov r0, #0
00540E14  BF18 2001		nemov r0, #1

#847		{L:261}
(-) BOOL
00540E18  2800     		cmp r0, #0
00540E1A  D007     		beq #14 ; 0x00540E2C


#848
#849
#850
#851
#852		{L:261}
(*) UNDEF
00540E1E  F85F 74B4		ldr r7, [pc, #-1204] ; 0x105
00540E22  5DF0     		ldrb r0, [r6, +r7]

#853		{L:261}
(-) USINT
00540E24  1C40     		add r0, r0, #1

#854		{L:261}
(*) USINT
00540E26  F85F 74BC		ldr r7, [pc, #-1212] ; 0x105
00540E2A  55F0     		strb r0, [r6, +r7]

#855
#856
#857
#858
#859
#860
#861
(-) USINT
00540E2C  E028     		b #80 ; 0x00540E80


#862
#863
#864
(-) USINT
00540E30  E026     		b #76 ; 0x00540E80


#865
#866
#867
#868
#869		{L:272}
(*) UNDEF
00540E34  F85F 7474		ldr r7, [pc, #-1140] ; 0x151
00540E38  5DF0     		ldrb r0, [r6, +r7]

#870		{L:272}
(-) BOOL
00540E3A  2800     		cmp r0, #0
00540E3C  D01A     		beq #52 ; 0x00540E74


#871
#872
#873
#874
#875		{L:272}
(*) BOOL
00540E40  F8DF 0088		ldr r0, [pc, #+136] ; 0x540110

#876		{L:272}
(*) DWORD
00540E44  F85F 7458		ldr r7, [pc, #-1112] ; 0x178
00540E48  51F0     		str r0, [r6, +r7]

#877		{L:272}
(-) DWORD
00540E4A  4630     		mov r0, r6

#878		{L:272}
(*) DWORD
00540E4C  F85F 745C		ldr r7, [pc, #-1116] ; 0x17C
00540E50  51F0     		str r0, [r6, +r7]

#879		{L:272}
(-) UNDEF
00540E52  2001     		mov r0, #1 ; 1

#880		{L:272}
(-) USINT
00540E54  F85F 7464		ldr r7, [pc, #-1124] ; 0x17C
00540E58  59F3     		ldr r3, [r6, +r7]
00540E5A  F85F 746C		ldr r7, [pc, #-1132] ; 0x178
00540E5E  59F2     		ldr r2, [r6, +r7]
00540E60  2102     		mov r1, #2 ; 2
00540E62  4600     		mov r0, r0
00540E64  F85F 4440		ldr r4, [pc, #-1088] ; 0x530118
00540E68  F044 0401		orr r4, r4, #1
00540E6C  47A0     		blx r4

#881		{L:272}
(*) BOOL
00540E6E  F85F 74B4		ldr r7, [pc, #-1204] ; 0x14C
00540E72  51F0     		str r0, [r6, +r7]

#882
#883
#884
#885
#886
#887		{L:273}
(*) UDINT
00540E74  F85F 7510		ldr r7, [pc, #-1296] ; 0x104
00540E78  5DF0     		ldrb r0, [r6, +r7]
00540E7A  F85F 7510		ldr r7, [pc, #-1296] ; 0x105
00540E7E  55F0     		strb r0, [r6, +r7]

00540E80  E8BD 4040		ldmia sp!, { r6, lr }

00540E84  4770     		bx lr

00540E88  0000010E		; 0x0000010E
00540E8C  00000194		; 0x00000194
00540E90  00000196		; 0x00000196
00540E94  00421349		; 0x00421349
00540E98  00530060		; 0x00530060
00540E9C  00530074		; 0x00530074
00540EA0  0053008C		; 0x0053008C
00540EA4  00530090		; 0x00530090
00540EA8  00530098		; 0x00530098
00540EAC  0053009C		; 0x0053009C
00540EB0  005300A0		; 0x005300A0
00540EB4  005300A4		; 0x005300A4
00540EB8  005300A8		; 0x005300A8
00540EBC  005300AC		; 0x005300AC
00540EC0  005300B4		; 0x005300B4
00540EC4  00540108		; 0x00540108
00540EC8  0054010C		; 0x0054010C
00540ECC  00540110		; 0x00540110
00540ED0  00540134		; 0x00540134
00540ED4  00540138		; 0x00540138


Frame allocation:

	0000       : VAR ABf
	0102       : VAR CaseAx
	0104       : VAR CaseBk
	0105       : VAR CaseNr
	0108       : VAR ETPtr
	010C       : VAR ErrorNr
	010E       : VAR RxChrs
	0110       : VAR QRPtr
	0114       : FB TCPClient
	013C       : VAR TimeBf
	0148       : VAR Timeout
	014C       : VAR i
	0150 bit  0: VAR Enable
	0151 bit  0: VAR SpyOn
	0154       : VAR SonoffIP
	0158       : VAR SonoffPort
	015C       : VAR PollTime
	0160 bit  0: VAR RCommand
	0161 bit  0: VAR Connected
	0162 bit  0: VAR Fault
	0164       : VAR ErrorCtr
	0168       : VAR RSSI
	016C       : VAR Button
	0171       : VAR RStatus

END_FUNCTION_BLOCK
**************************************************
	List program: FBD
**************************************************

PROGRAM FBD

        VAR
Module : Sonoff;	{ DE:"Sonoff module communication" }
Ping : SysIPReach;	{ DE:"Sonoff module ping" }
	END_VAR

END_PROGRAM

00540EE0  E92D 4DF0		stmdb sp!, { r4, r5, r6, r7, r8, r10, fp, lr }

#0		{SRC:FBD}
#1
#2
#3
#4
#5
#6
#7		{R:"1$FB:Ping"}
(*) UDINT
00540EE4  2001     		mov r0, #1 ; 1
00540EE6  F8DF 70D4		ldr r7, [pc, #+212] ; 0x20411054
00540EEA  7038     		strb r0, [r7]

#8		{R:"1$FB:Ping"}
(*) BOOL
00540EEC  F8DF 70BC		ldr r7, [pc, #+188] ; 0x540114
00540EF0  4638     		mov r0, r7
00540EF2  B082     		sub sp, sp, #8
00540EF4  F8CD 0000		str r0, [sp]
00540EF8  E92D 0006		stmdb sp!, { r1, r2 }
00540EFC  2210     		mov r2, #16 ; 16
00540EFE  F8DF 10C0		ldr r1, [pc, #+192] ; 0x20411055
00540F02  F8DF 40A0		ldr r4, [pc, #+160] ; 0x4217F1
00540F06  F044 0401		orr r4, r4, #1
00540F0A  47A0     		blx r4
00540F0C  E8BD 0006		ldmia sp!, { r1, r2 }
00540F10  F8DD 0000		ldr r0, [sp]
00540F14  B002     		add sp, sp, #8

#9		{R:"1$FB:Ping"}
(*) STRING
00540F16  E92D 0021		stmdb sp!, { r0, r5 }
00540F1A  F8DF 709C		ldr r7, [pc, #+156] ; 0x2041104C
00540F1E  4638     		mov r0, r7
00540F20  F8DF 4084		ldr r4, [pc, #+132] ; 0x530140
00540F24  F044 0401		orr r4, r4, #1
00540F28  47A0     		blx r4
00540F2A  E8BD 0021		ldmia sp!, { r0, r5 }

#10		{R:"1$FB:Ping"}
(*) STRING
00540F2E  F8DF 7094		ldr r7, [pc, #+148] ; 0x20411065
00540F32  7838     		ldrb r0, [r7]
00540F34  F8DF 7090		ldr r7, [pc, #+144] ; 0x20411068
00540F38  7038     		strb r0, [r7]

#11
#12
#13
#14
#15
#16
#17
#18
#19
#20		{R:"2$FB:Module"}
(*) BOOL
00540F3A  F8DF 0070		ldr r0, [pc, #+112] ; 0x540114

#21		{R:"2$FB:Module"}
(*) DWORD
00540F3E  F8DF 7094		ldr r7, [pc, #+148] ; 0x2041106C
00540F42  6038     		str r0, [r7]

#22
#23		{R:"2$FB:Module"}
(*) DWORD
00540F44  F8DF 7084		ldr r7, [pc, #+132] ; 0x20411069
00540F48  7838     		ldrb r0, [r7]
00540F4A  F8DF 7090		ldr r7, [pc, #+144] ; 0x204111C0
00540F4E  7038     		strb r0, [r7]

#24		{R:"2$FB:Module"}
(*) BOOL
00540F50  2001     		mov r0, #1 ; 1
00540F52  F8DF 708C		ldr r7, [pc, #+140] ; 0x204111C1
00540F56  7038     		strb r0, [r7]

#25		{R:"2$FB:Module"}
(*) BOOL
00540F58  F8DF 7078		ldr r7, [pc, #+120] ; 0x2041106C
00540F5C  6838     		ldr r0, [r7]
00540F5E  F8DF 7084		ldr r7, [pc, #+132] ; 0x204111C4
00540F62  6038     		str r0, [r7]

#26		{R:"2$FB:Module"}
(*) @UNDEF
00540F64  F44F 707A		mov r0, #1000 ; 1000
00540F68  F8DF 707C		ldr r7, [pc, #+124] ; 0x204111C8
00540F6C  8038     		strh r0, [r7]

#27		{R:"2$FB:Module"}
(*) UINT
00540F6E  F8DF 7040		ldr r7, [pc, #+64] ; 0x540124
00540F72  6838     		ldr r0, [r7]
00540F74  F8DF 7074		ldr r7, [pc, #+116] ; 0x204111CC
00540F78  6038     		str r0, [r7]

#28		{R:"2$FB:Module"}
(*) REAL
00540F7A  F8DF 7054		ldr r7, [pc, #+84] ; 0x2041106B
00540F7E  7838     		ldrb r0, [r7]
00540F80  F8DF 706C		ldr r7, [pc, #+108] ; 0x204111D0
00540F84  7038     		strb r0, [r7]

#29		{R:"2$FB:Module"}
(*) BOOL
00540F86  E92D 0021		stmdb sp!, { r0, r5 }
00540F8A  F8DF 704C		ldr r7, [pc, #+76] ; 0x20411070
00540F8E  463D     		mov r5, r7
00540F90  F8DF 4020		ldr r4, [pc, #+32] ; 0x540158
00540F94  F044 0401		orr r4, r4, #1
00540F98  47A0     		blx r4
00540F9A  E8BD 0021		ldmia sp!, { r0, r5 }

00540F9E  E8BD 4DF0		ldmia sp!, { r4, r5, r6, r7, r8, r10, fp, lr }

00540FA2  4770     		bx lr

00540FA4  004217F1		; 0x004217F1
00540FA8  00530140		; 0x00530140
00540FAC  00540114		; 0x00540114
00540FB0  00540124		; 0x00540124
00540FB4  00540158		; 0x00540158
00540FB8  2041104C		; 0x2041104C
00540FBC  20411054		; 0x20411054
00540FC0  20411055		; 0x20411055
00540FC4  20411065		; 0x20411065
00540FC8  20411068		; 0x20411068
00540FCC  20411069		; 0x20411069
00540FD0  2041106B		; 0x2041106B
00540FD4  2041106C		; 0x2041106C
00540FD8  20411070		; 0x20411070
00540FDC  204111C0		; 0x204111C0
00540FE0  204111C1		; 0x204111C1
00540FE4  204111C4		; 0x204111C4
00540FE8  204111C8		; 0x204111C8
00540FEC  204111CC		; 0x204111CC
00540FF0  204111D0		; 0x204111D0

END_PROGRAM


**************************************************
	Target variable image generation
**************************************************


*** INPUT:
00540FF4  F8DF 702C		ldr r7, [pc, #+44] ; 0x20401420
00540FF8  7838     		ldrb r0, [r7]
00540FFA  F8DF 702C		ldr r7, [pc, #+44] ; 0x20411068
00540FFE  7038     		strb r0, [r7]

00541000  F8DF 7018		ldr r7, [pc, #+24] ; 0x20401200
00541004  7838     		ldrb r0, [r7]
00541006  F8DF 7024		ldr r7, [pc, #+36] ; 0x20411069
0054100A  7038     		strb r0, [r7]

0054100C  F8DF 7010		ldr r7, [pc, #+16] ; 0x20401201
00541010  7838     		ldrb r0, [r7]
00541012  F8DF 701C		ldr r7, [pc, #+28] ; 0x2041106B
00541016  7038     		strb r0, [r7]

00541018  4770     		bx lr

0054101C  20401200		; 0x20401200
00541020  20401201		; 0x20401201
00541024  20401420		; 0x20401420
00541028  20411068		; 0x20411068
0054102C  20411069		; 0x20411069
00541030  2041106B		; 0x2041106B


*** OUTPUT:
00541034  F8DF 7010		ldr r7, [pc, #+16] ; 0x20411068
00541038  7838     		ldrb r0, [r7]
0054103A  F8DF 7008		ldr r7, [pc, #+8] ; 0x20401420
0054103E  7038     		strb r0, [r7]

00541040  4770     		bx lr

00541044  20401420		; 0x20401420
00541048  20411068		; 0x20411068



**************************************************
	Task Back init code
**************************************************

0054104C  E92D 4DF0		stmdb sp!, { r4, r5, r6, r7, r8, r10, fp, lr }

00541050  F8DF 7010		ldr r7, [pc, #+16] ; 0x540128
00541054  6838     		ldr r0, [r7]

00541056  F8DF 7010		ldr r7, [pc, #+16] ; 0x204111B8
0054105A  6038     		str r0, [r7]

0054105C  E8BD 4DF0		ldmia sp!, { r4, r5, r6, r7, r8, r10, fp, lr }

00541060  4770     		bx lr

00541064  00540128		; 0x00540128
00541068  204111B8		; 0x204111B8


**************************************************
VIRTUAL TABLES:

--------------------------------------------------------
VIRTUAL TABLES INDEXES
--------------------------------------------------------


**************************************************
	Global init code
**************************************************

00541070  E92D 4DF0		stmdb sp!, { r4, r5, r6, r7, r8, r10, fp, lr }

00541074  E8BD 4DF0		ldmia sp!, { r4, r5, r6, r7, r8, r10, fp, lr }

00541078  4770     		bx lr



********************************************
MEMORY MAP
********************************************

Code area type:			main code
Start code area:		  540000h
End code area:			  541080h
Code size:			    1080h

Start local data area:		20411040h
End local data area:		20411208h
Local data size:		     1C8h

Start retentive data area:	20410C54h
End retentive data area:	20410C54h
Retentive data size:		       0h

Start bit data area:		       0h
End bit data area:		       0h
Bit data size:			       0h



********************************************
CODE ID:                                1B2085D0
DEBUG MEMO ID:                          00002A12
FULL MEMO ID:                           00005161
********************************************
